2025-06-21 10:50:57,017 - INFO - Conectado a COM9 @ 115200 bps
2025-06-21 10:50:58,026 - ERROR - Error en lectura: 'utf-8' codec can't decode byte 0xa2 in position 0: invalid start byte
2025-06-21 10:51:14,905 - INFO - TX >> M:20.00,20.00
2025-06-21 10:52:16,143 - INFO - TX >> M:20.00,20.00
2025-06-21 10:52:17,177 - ERROR - Error en lectura: 'utf-8' codec can't decode byte 0xa5 in position 0: invalid start byte
2025-06-21 10:52:21,424 - INFO - TX >> H
2025-06-21 10:52:41,759 - INFO - TX >> ?
2025-06-21 10:53:18,770 - ERROR - Error en lectura: ClearCommError failed (PermissionError(13, 'Acceso denegado.', None, 5))
2025-06-21 10:53:18,815 - ERROR - Error en lectura: ClearCommError failed (PermissionError(13, 'Acceso denegado.', None, 5))
2025-06-21 10:53:18,831 - ERROR - Error en lectura: ClearCommError failed (PermissionError(13, 'Acceso denegado.', None, 5))
2025-06-21 10:53:18,846 - ERROR - Error en lectura: ClearCommError failed (PermissionError(13, 'Acceso denegado.', None, 5))
2025-06-21 10:53:18,863 - ERROR - Error en lectura: ClearCommError failed (PermissionError(13, 'Acceso denegado.', None, 5))
2025-06-21 10:53:18,879 - ERROR - Error en lectura: ClearCommError failed (PermissionError(13, 'Acceso denegado.', None, 5))
2025-06-21 10:53:18,894 - ERROR - Error en lectura: ClearCommError failed (PermissionError(13, 'Acceso denegado.', None, 5))
2025-06-21 10:53:18,910 - ERROR - Error en lectura: ClearCommError failed (PermissionError(13, 'Acceso denegado.', None, 5))
2025-06-21 10:53:18,925 - ERROR - Error en lectura: ClearCommError failed (PermissionError(13, 'Acceso denegado.', None, 5))
2025-06-21 10:53:18,941 - ERROR - Error en lectura: ClearCommError failed (PermissionError(13, 'Acceso denegado.', None, 5))
2025-06-21 10:53:18,956 - ERROR - Error en lectura: ClearCommError failed (PermissionError(13, 'Acceso denegado.', None, 5))
2025-06-21 10:53:18,972 - ERROR - Error en lectura: ClearCommError failed (PermissionError(13, 'Acceso denegado.', None, 5))
2025-06-21 10:53:18,987 - ERROR - Error en lectura: ClearCommError failed (PermissionError(13, 'Acceso denegado.', None, 5))
2025-06-21 10:53:19,002 - ERROR - Error en lectura: ClearCommError failed (PermissionError(13, 'Acceso denegado.', None, 5))
2025-06-21 10:53:19,017 - ERROR - Error en lectura: ClearCommError failed (PermissionError(13, 'Acceso denegado.', None, 5))
2025-06-21 10:53:19,033 - ERROR - Error en lectura: ClearCommError failed (PermissionError(13, 'Acceso denegado.', None, 5))
2025-06-21 10:53:19,049 - ERROR - Error en lectura: ClearCommError failed (PermissionError(13, 'Acceso denegado.', None, 5))
2025-06-21 10:53:19,064 - ERROR - Error en lectura: ClearCommError failed (PermissionError(13, 'Acceso denegado.', None, 5))
2025-06-21 10:53:19,080 - ERROR - Error en lectura: ClearCommError failed (PermissionError(13, 'Acceso denegado.', None, 5))
2025-06-21 10:53:19,096 - ERROR - Error en lectura: ClearCommError failed (PermissionError(13, 'Acceso denegado.', None, 5))
2025-06-21 10:53:19,111 - ERROR - Error en lectura: ClearCommError failed (PermissionError(13, 'Acceso denegado.', None, 5))
2025-06-21 10:53:19,126 - ERROR - Error en lectura: ClearCommError failed (PermissionError(13, 'Acceso denegado.', None, 5))
2025-06-21 10:53:19,142 - ERROR - Error en lectura: ClearCommError failed (PermissionError(13, 'Acceso denegado.', None, 5))
2025-06-21 10:53:19,158 - ERROR - Error en lectura: ClearCommError failed (PermissionError(13, 'Acceso denegado.', None, 5))
2025-06-21 10:53:19,173 - ERROR - Error en lectura: ClearCommError failed (PermissionError(13, 'Acceso denegado.', None, 5))
2025-06-21 10:53:19,189 - ERROR - Error en lectura: ClearCommError failed (PermissionError(13, 'Acceso denegado.', None, 5))
2025-06-21 10:53:19,204 - ERROR - Error en lectura: ClearCommError failed (PermissionError(13, 'Acceso denegado.', None, 5))
2025-06-21 10:53:19,220 - ERROR - Error en lectura: ClearCommError failed (PermissionError(13, 'Acceso denegado.', None, 5))
2025-06-21 10:53:19,236 - ERROR - Error en lectura: ClearCommError failed (PermissionError(13, 'Acceso denegado.', None, 5))
2025-06-21 10:53:19,250 - ERROR - Error en lectura: ClearCommError failed (PermissionError(13, 'Acceso denegado.', None, 5))
2025-06-21 10:53:19,266 - ERROR - Error en lectura: ClearCommError failed (PermissionError(13, 'Acceso denegado.', None, 5))
2025-06-21 10:53:19,281 - ERROR - Error en lectura: ClearCommError failed (PermissionError(13, 'Acceso denegado.', None, 5))
2025-06-21 10:53:19,296 - ERROR - Error en lectura: ClearCommError failed (PermissionError(13, 'Acceso denegado.', None, 5))
2025-06-21 10:53:19,312 - ERROR - Error en lectura: ClearCommError failed (PermissionError(13, 'Acceso denegado.', None, 5))
2025-06-21 10:53:19,327 - ERROR - Error en lectura: ClearCommError failed (PermissionError(13, 'Acceso denegado.', None, 5))
2025-06-21 10:53:19,342 - ERROR - Error en lectura: ClearCommError failed (PermissionError(13, 'Acceso denegado.', None, 5))
2025-06-21 10:53:19,358 - ERROR - Error en lectura: ClearCommError failed (PermissionError(13, 'Acceso denegado.', None, 5))
2025-06-21 10:53:19,373 - ERROR - Error en lectura: ClearCommError failed (PermissionError(13, 'Acceso denegado.', None, 5))
2025-06-21 10:53:19,388 - ERROR - Error en lectura: ClearCommError failed (PermissionError(13, 'Acceso denegado.', None, 5))
2025-06-21 10:53:19,404 - ERROR - Error en lectura: ClearCommError failed (PermissionError(13, 'Acceso denegado.', None, 5))
2025-06-21 10:53:19,420 - ERROR - Error en lectura: ClearCommError failed (PermissionError(13, 'Acceso denegado.', None, 5))
2025-06-21 10:53:19,435 - ERROR - Error en lectura: ClearCommError failed (PermissionError(13, 'Acceso denegado.', None, 5))
2025-06-21 10:53:19,450 - ERROR - Error en lectura: ClearCommError failed (PermissionError(13, 'Acceso denegado.', None, 5))
2025-06-21 10:53:19,465 - ERROR - Error en lectura: ClearCommError failed (PermissionError(13, 'Acceso denegado.', None, 5))
2025-06-21 10:53:19,481 - ERROR - Error en lectura: ClearCommError failed (PermissionError(13, 'Acceso denegado.', None, 5))
2025-06-21 10:53:19,496 - ERROR - Error en lectura: ClearCommError failed (PermissionError(13, 'Acceso denegado.', None, 5))
2025-06-21 10:53:19,512 - ERROR - Error en lectura: ClearCommError failed (PermissionError(13, 'Acceso denegado.', None, 5))
2025-06-21 10:53:19,527 - ERROR - Error en lectura: ClearCommError failed (PermissionError(13, 'Acceso denegado.', None, 5))
2025-06-21 10:53:19,544 - ERROR - Error en lectura: ClearCommError failed (PermissionError(13, 'Acceso denegado.', None, 5))
2025-06-21 10:53:19,559 - ERROR - Error en lectura: ClearCommError failed (PermissionError(13, 'Acceso denegado.', None, 5))
2025-06-21 10:53:19,574 - ERROR - Error en lectura: ClearCommError failed (PermissionError(13, 'Acceso denegado.', None, 5))
2025-06-21 10:53:19,590 - ERROR - Error en lectura: ClearCommError failed (PermissionError(13, 'Acceso denegado.', None, 5))
2025-06-21 10:53:19,605 - ERROR - Error en lectura: ClearCommError failed (PermissionError(13, 'Acceso denegado.', None, 5))
2025-06-21 10:53:19,620 - ERROR - Error en lectura: ClearCommError failed (PermissionError(13, 'Acceso denegado.', None, 5))
2025-06-21 10:53:19,636 - ERROR - Error en lectura: ClearCommError failed (PermissionError(13, 'Acceso denegado.', None, 5))
2025-06-21 10:53:19,652 - ERROR - Error en lectura: ClearCommError failed (PermissionError(13, 'Acceso denegado.', None, 5))
2025-06-21 10:53:19,667 - ERROR - Error en lectura: ClearCommError failed (PermissionError(13, 'Acceso denegado.', None, 5))
2025-06-21 10:53:19,683 - ERROR - Error en lectura: ClearCommError failed (PermissionError(13, 'Acceso denegado.', None, 5))
2025-06-21 10:53:19,699 - ERROR - Error en lectura: ClearCommError failed (PermissionError(13, 'Acceso denegado.', None, 5))
2025-06-21 10:53:19,714 - ERROR - Error en lectura: ClearCommError failed (PermissionError(13, 'Acceso denegado.', None, 5))
2025-06-21 10:53:19,729 - ERROR - Error en lectura: ClearCommError failed (PermissionError(13, 'Acceso denegado.', None, 5))
2025-06-21 10:53:19,745 - ERROR - Error en lectura: ClearCommError failed (PermissionError(13, 'Acceso denegado.', None, 5))
2025-06-21 10:53:19,760 - ERROR - Error en lectura: ClearCommError failed (PermissionError(13, 'Acceso denegado.', None, 5))
2025-06-21 10:53:19,775 - ERROR - Error en lectura: ClearCommError failed (PermissionError(13, 'Acceso denegado.', None, 5))
2025-06-21 10:53:19,791 - ERROR - Error en lectura: ClearCommError failed (PermissionError(13, 'Acceso denegado.', None, 5))
2025-06-21 10:53:19,806 - ERROR - Error en lectura: ClearCommError failed (PermissionError(13, 'Acceso denegado.', None, 5))
2025-06-21 10:53:19,821 - ERROR - Error en lectura: ClearCommError failed (PermissionError(13, 'Acceso denegado.', None, 5))
2025-06-21 10:53:19,838 - ERROR - Error en lectura: ClearCommError failed (PermissionError(13, 'Acceso denegado.', None, 5))
2025-06-21 10:53:19,854 - ERROR - Error en lectura: ClearCommError failed (PermissionError(13, 'Acceso denegado.', None, 5))
2025-06-21 10:53:19,869 - ERROR - Error en lectura: ClearCommError failed (PermissionError(13, 'Acceso denegado.', None, 5))
2025-06-21 10:53:19,885 - ERROR - Error en lectura: ClearCommError failed (PermissionError(13, 'Acceso denegado.', None, 5))
2025-06-21 10:53:19,900 - ERROR - Error en lectura: ClearCommError failed (PermissionError(13, 'Acceso denegado.', None, 5))
2025-06-21 10:53:19,916 - ERROR - Error en lectura: ClearCommError failed (PermissionError(13, 'Acceso denegado.', None, 5))
2025-06-21 10:53:19,932 - ERROR - Error en lectura: ClearCommError failed (PermissionError(13, 'Acceso denegado.', None, 5))
2025-06-21 10:53:19,947 - ERROR - Error en lectura: ClearCommError failed (PermissionError(13, 'Acceso denegado.', None, 5))
2025-06-21 10:53:19,962 - ERROR - Error en lectura: ClearCommError failed (PermissionError(13, 'Acceso denegado.', None, 5))
2025-06-21 10:53:19,978 - ERROR - Error en lectura: ClearCommError failed (PermissionError(13, 'Acceso denegado.', None, 5))
2025-06-21 10:53:19,994 - ERROR - Error en lectura: ClearCommError failed (PermissionError(13, 'Acceso denegado.', None, 5))
2025-06-21 10:53:20,010 - ERROR - Error en lectura: ClearCommError failed (PermissionError(13, 'Acceso denegado.', None, 5))
2025-06-21 10:53:20,025 - ERROR - Error en lectura: ClearCommError failed (PermissionError(13, 'Acceso denegado.', None, 5))
2025-06-21 10:53:20,040 - ERROR - Error en lectura: ClearCommError failed (PermissionError(13, 'Acceso denegado.', None, 5))
2025-06-21 10:53:20,056 - ERROR - Error en lectura: ClearCommError failed (PermissionError(13, 'Acceso denegado.', None, 5))
2025-06-21 10:53:20,071 - ERROR - Error en lectura: ClearCommError failed (PermissionError(13, 'Acceso denegado.', None, 5))
2025-06-21 10:53:20,087 - ERROR - Error en lectura: ClearCommError failed (PermissionError(13, 'Acceso denegado.', None, 5))
2025-06-21 10:53:20,102 - ERROR - Error en lectura: ClearCommError failed (PermissionError(13, 'Acceso denegado.', None, 5))
2025-06-21 10:53:20,117 - ERROR - Error en lectura: ClearCommError failed (PermissionError(13, 'Acceso denegado.', None, 5))
2025-06-21 10:53:20,133 - ERROR - Error en lectura: ClearCommError failed (PermissionError(13, 'Acceso denegado.', None, 5))
2025-06-21 10:53:20,148 - ERROR - Error en lectura: ClearCommError failed (PermissionError(13, 'Acceso denegado.', None, 5))
2025-06-21 10:53:20,164 - ERROR - Error en lectura: ClearCommError failed (PermissionError(13, 'Acceso denegado.', None, 5))
2025-06-21 10:53:20,180 - ERROR - Error en lectura: ClearCommError failed (PermissionError(13, 'Acceso denegado.', None, 5))
2025-06-21 10:53:20,196 - ERROR - Error en lectura: ClearCommError failed (PermissionError(13, 'Acceso denegado.', None, 5))
2025-06-21 10:53:20,211 - ERROR - Error en lectura: ClearCommError failed (PermissionError(13, 'Acceso denegado.', None, 5))
2025-06-21 10:53:20,227 - ERROR - Error en lectura: ClearCommError failed (PermissionError(13, 'Acceso denegado.', None, 5))
2025-06-21 10:53:20,242 - ERROR - Error en lectura: ClearCommError failed (PermissionError(13, 'Acceso denegado.', None, 5))
2025-06-21 10:53:20,257 - ERROR - Error en lectura: ClearCommError failed (PermissionError(13, 'Acceso denegado.', None, 5))
2025-06-21 10:53:20,273 - ERROR - Error en lectura: ClearCommError failed (PermissionError(13, 'Acceso denegado.', None, 5))
2025-06-21 10:53:20,288 - ERROR - Error en lectura: ClearCommError failed (PermissionError(13, 'Acceso denegado.', None, 5))
2025-06-21 10:53:20,304 - ERROR - Error en lectura: ClearCommError failed (PermissionError(13, 'Acceso denegado.', None, 5))
2025-06-21 10:53:20,319 - ERROR - Error en lectura: ClearCommError failed (PermissionError(13, 'Acceso denegado.', None, 5))
2025-06-21 10:53:20,334 - ERROR - Error en lectura: ClearCommError failed (PermissionError(13, 'Acceso denegado.', None, 5))
2025-06-21 10:53:20,349 - ERROR - Error en lectura: ClearCommError failed (PermissionError(13, 'Acceso denegado.', None, 5))
2025-06-21 10:53:20,364 - ERROR - Error en lectura: ClearCommError failed (PermissionError(13, 'Acceso denegado.', None, 5))
2025-06-21 10:53:20,379 - ERROR - Error en lectura: ClearCommError failed (PermissionError(13, 'Acceso denegado.', None, 5))
2025-06-21 10:53:20,394 - ERROR - Error en lectura: ClearCommError failed (PermissionError(13, 'Acceso denegado.', None, 5))
2025-06-21 10:53:20,410 - ERROR - Error en lectura: ClearCommError failed (PermissionError(13, 'Acceso denegado.', None, 5))
2025-06-21 10:53:20,425 - ERROR - Error en lectura: ClearCommError failed (PermissionError(13, 'Acceso denegado.', None, 5))
2025-06-21 10:53:20,441 - ERROR - Error en lectura: ClearCommError failed (PermissionError(13, 'Acceso denegado.', None, 5))
2025-06-21 10:53:20,457 - ERROR - Error en lectura: ClearCommError failed (PermissionError(13, 'Acceso denegado.', None, 5))
2025-06-21 10:53:20,472 - ERROR - Error en lectura: ClearCommError failed (PermissionError(13, 'Acceso denegado.', None, 5))
2025-06-21 10:53:20,488 - ERROR - Error en lectura: ClearCommError failed (PermissionError(13, 'Acceso denegado.', None, 5))
2025-06-21 10:53:20,504 - ERROR - Error en lectura: ClearCommError failed (PermissionError(13, 'Acceso denegado.', None, 5))
2025-06-21 10:53:20,520 - ERROR - Error en lectura: ClearCommError failed (PermissionError(13, 'Acceso denegado.', None, 5))
2025-06-21 10:53:20,536 - ERROR - Error en lectura: ClearCommError failed (PermissionError(13, 'Acceso denegado.', None, 5))
2025-06-21 10:53:20,552 - ERROR - Error en lectura: ClearCommError failed (PermissionError(13, 'Acceso denegado.', None, 5))
2025-06-21 10:53:20,567 - ERROR - Error en lectura: ClearCommError failed (PermissionError(13, 'Acceso denegado.', None, 5))
2025-06-21 10:53:20,583 - ERROR - Error en lectura: ClearCommError failed (PermissionError(13, 'Acceso denegado.', None, 5))
2025-06-21 10:53:20,598 - ERROR - Error en lectura: ClearCommError failed (PermissionError(13, 'Acceso denegado.', None, 5))
2025-06-21 10:53:20,614 - ERROR - Error en lectura: ClearCommError failed (PermissionError(13, 'Acceso denegado.', None, 5))
2025-06-21 10:53:20,630 - ERROR - Error en lectura: ClearCommError failed (PermissionError(13, 'Acceso denegado.', None, 5))
2025-06-21 10:53:20,645 - ERROR - Error en lectura: ClearCommError failed (PermissionError(13, 'Acceso denegado.', None, 5))
2025-06-21 10:53:20,661 - ERROR - Error en lectura: ClearCommError failed (PermissionError(13, 'Acceso denegado.', None, 5))
2025-06-21 10:53:20,676 - ERROR - Error en lectura: ClearCommError failed (PermissionError(13, 'Acceso denegado.', None, 5))
2025-06-21 10:53:20,692 - ERROR - Error en lectura: ClearCommError failed (PermissionError(13, 'Acceso denegado.', None, 5))
2025-06-21 10:53:20,707 - ERROR - Error en lectura: ClearCommError failed (PermissionError(13, 'Acceso denegado.', None, 5))
2025-06-21 10:53:20,723 - ERROR - Error en lectura: ClearCommError failed (PermissionError(13, 'Acceso denegado.', None, 5))
2025-06-21 10:53:20,739 - ERROR - Error en lectura: ClearCommError failed (PermissionError(13, 'Acceso denegado.', None, 5))
2025-06-21 10:53:20,754 - ERROR - Error en lectura: ClearCommError failed (PermissionError(13, 'Acceso denegado.', None, 5))
2025-06-21 10:53:20,769 - ERROR - Error en lectura: ClearCommError failed (PermissionError(13, 'Acceso denegado.', None, 5))
2025-06-21 10:53:20,784 - ERROR - Error en lectura: ClearCommError failed (PermissionError(13, 'Acceso denegado.', None, 5))
2025-06-21 10:53:20,801 - ERROR - Error en lectura: ClearCommError failed (PermissionError(13, 'Acceso denegado.', None, 5))
2025-06-21 10:53:20,816 - ERROR - Error en lectura: ClearCommError failed (PermissionError(13, 'Acceso denegado.', None, 5))
2025-06-21 10:53:20,830 - ERROR - Error en lectura: ClearCommError failed (PermissionError(13, 'Acceso denegado.', None, 5))
2025-06-21 10:53:20,846 - ERROR - Error en lectura: ClearCommError failed (PermissionError(13, 'Acceso denegado.', None, 5))
2025-06-21 10:53:20,861 - ERROR - Error en lectura: ClearCommError failed (PermissionError(13, 'Acceso denegado.', None, 5))
2025-06-21 10:53:20,876 - ERROR - Error en lectura: ClearCommError failed (PermissionError(13, 'Acceso denegado.', None, 5))
2025-06-21 10:53:20,891 - ERROR - Error en lectura: ClearCommError failed (PermissionError(13, 'Acceso denegado.', None, 5))
2025-06-21 10:53:20,906 - ERROR - Error en lectura: ClearCommError failed (PermissionError(13, 'Acceso denegado.', None, 5))
2025-06-21 10:53:20,923 - ERROR - Error en lectura: ClearCommError failed (PermissionError(13, 'Acceso denegado.', None, 5))
2025-06-21 10:53:20,938 - ERROR - Error en lectura: ClearCommError failed (PermissionError(13, 'Acceso denegado.', None, 5))
2025-06-21 10:53:20,954 - ERROR - Error en lectura: ClearCommError failed (PermissionError(13, 'Acceso denegado.', None, 5))
2025-06-21 10:53:20,970 - ERROR - Error en lectura: ClearCommError failed (PermissionError(13, 'Acceso denegado.', None, 5))
2025-06-21 10:53:20,985 - ERROR - Error en lectura: ClearCommError failed (PermissionError(13, 'Acceso denegado.', None, 5))
2025-06-21 10:53:21,000 - ERROR - Error en lectura: ClearCommError failed (PermissionError(13, 'Acceso denegado.', None, 5))
2025-06-21 10:53:21,016 - ERROR - Error en lectura: ClearCommError failed (PermissionError(13, 'Acceso denegado.', None, 5))
2025-06-21 10:53:21,032 - ERROR - Error en lectura: ClearCommError failed (PermissionError(13, 'Acceso denegado.', None, 5))
2025-06-21 10:53:21,046 - ERROR - Error en lectura: ClearCommError failed (PermissionError(13, 'Acceso denegado.', None, 5))
2025-06-21 10:53:21,062 - ERROR - Error en lectura: ClearCommError failed (PermissionError(13, 'Acceso denegado.', None, 5))
2025-06-21 10:53:21,077 - ERROR - Error en lectura: ClearCommError failed (PermissionError(13, 'Acceso denegado.', None, 5))
2025-06-21 10:53:21,092 - ERROR - Error en lectura: ClearCommError failed (PermissionError(13, 'Acceso denegado.', None, 5))
2025-06-21 10:53:21,107 - ERROR - Error en lectura: ClearCommError failed (PermissionError(13, 'Acceso denegado.', None, 5))
2025-06-21 10:53:21,123 - ERROR - Error en lectura: ClearCommError failed (PermissionError(13, 'Acceso denegado.', None, 5))
2025-06-21 10:53:21,138 - ERROR - Error en lectura: ClearCommError failed (PermissionError(13, 'Acceso denegado.', None, 5))
2025-06-21 10:53:21,154 - ERROR - Error en lectura: ClearCommError failed (PermissionError(13, 'Acceso denegado.', None, 5))
2025-06-21 10:53:21,169 - ERROR - Error en lectura: ClearCommError failed (PermissionError(13, 'Acceso denegado.', None, 5))
2025-06-21 10:53:21,184 - ERROR - Error en lectura: ClearCommError failed (PermissionError(13, 'Acceso denegado.', None, 5))
2025-06-21 10:53:21,200 - ERROR - Error en lectura: ClearCommError failed (PermissionError(13, 'Acceso denegado.', None, 5))
2025-06-21 10:53:21,216 - ERROR - Error en lectura: ClearCommError failed (PermissionError(13, 'Acceso denegado.', None, 5))
2025-06-21 10:53:21,231 - ERROR - Error en lectura: ClearCommError failed (PermissionError(13, 'Acceso denegado.', None, 5))
2025-06-21 10:53:21,247 - ERROR - Error en lectura: ClearCommError failed (PermissionError(13, 'Acceso denegado.', None, 5))
2025-06-21 10:53:21,263 - ERROR - Error en lectura: ClearCommError failed (PermissionError(13, 'Acceso denegado.', None, 5))
2025-06-21 10:53:21,278 - ERROR - Error en lectura: ClearCommError failed (PermissionError(13, 'Acceso denegado.', None, 5))
2025-06-21 10:53:21,293 - ERROR - Error en lectura: ClearCommError failed (PermissionError(13, 'Acceso denegado.', None, 5))
2025-06-21 10:53:21,309 - ERROR - Error en lectura: ClearCommError failed (PermissionError(13, 'Acceso denegado.', None, 5))
2025-06-21 10:53:21,324 - ERROR - Error en lectura: ClearCommError failed (PermissionError(13, 'Acceso denegado.', None, 5))
2025-06-21 10:53:21,340 - ERROR - Error en lectura: ClearCommError failed (PermissionError(13, 'Acceso denegado.', None, 5))
2025-06-21 10:53:21,356 - ERROR - Error en lectura: ClearCommError failed (PermissionError(13, 'Acceso denegado.', None, 5))
2025-06-21 10:53:21,371 - ERROR - Error en lectura: ClearCommError failed (PermissionError(13, 'Acceso denegado.', None, 5))
2025-06-21 10:53:21,387 - ERROR - Error en lectura: ClearCommError failed (PermissionError(13, 'Acceso denegado.', None, 5))
2025-06-21 10:53:21,402 - ERROR - Error en lectura: ClearCommError failed (PermissionError(13, 'Acceso denegado.', None, 5))
2025-06-21 10:53:21,418 - ERROR - Error en lectura: ClearCommError failed (PermissionError(13, 'Acceso denegado.', None, 5))
2025-06-21 10:53:21,433 - ERROR - Error en lectura: ClearCommError failed (PermissionError(13, 'Acceso denegado.', None, 5))
2025-06-21 10:53:21,448 - ERROR - Error en lectura: ClearCommError failed (PermissionError(13, 'Acceso denegado.', None, 5))
2025-06-21 10:53:21,464 - ERROR - Error en lectura: ClearCommError failed (PermissionError(13, 'Acceso denegado.', None, 5))
2025-06-21 10:53:21,479 - ERROR - Error en lectura: ClearCommError failed (PermissionError(13, 'Acceso denegado.', None, 5))
2025-06-21 10:53:21,496 - ERROR - Error en lectura: ClearCommError failed (PermissionError(13, 'Acceso denegado.', None, 5))
2025-06-21 10:53:21,512 - ERROR - Error en lectura: ClearCommError failed (PermissionError(13, 'Acceso denegado.', None, 5))
2025-06-21 10:53:21,527 - ERROR - Error en lectura: ClearCommError failed (PermissionError(13, 'Acceso denegado.', None, 5))
2025-06-21 10:53:21,542 - ERROR - Error en lectura: ClearCommError failed (PermissionError(13, 'Acceso denegado.', None, 5))
2025-06-21 10:53:21,559 - ERROR - Error en lectura: ClearCommError failed (PermissionError(13, 'Acceso denegado.', None, 5))
2025-06-21 10:53:21,574 - ERROR - Error en lectura: ClearCommError failed (PermissionError(13, 'Acceso denegado.', None, 5))
2025-06-21 10:53:21,589 - ERROR - Error en lectura: ClearCommError failed (PermissionError(13, 'Acceso denegado.', None, 5))
2025-06-21 10:53:21,605 - ERROR - Error en lectura: ClearCommError failed (PermissionError(13, 'Acceso denegado.', None, 5))
2025-06-21 10:53:21,620 - ERROR - Error en lectura: ClearCommError failed (PermissionError(13, 'Acceso denegado.', None, 5))
2025-06-21 10:53:21,636 - ERROR - Error en lectura: ClearCommError failed (PermissionError(13, 'Acceso denegado.', None, 5))
2025-06-21 10:53:21,651 - ERROR - Error en lectura: ClearCommError failed (PermissionError(13, 'Acceso denegado.', None, 5))
2025-06-21 10:53:21,666 - ERROR - Error en lectura: ClearCommError failed (PermissionError(13, 'Acceso denegado.', None, 5))
2025-06-21 10:53:21,682 - ERROR - Error en lectura: ClearCommError failed (PermissionError(13, 'Acceso denegado.', None, 5))
2025-06-21 10:53:21,697 - ERROR - Error en lectura: ClearCommError failed (PermissionError(13, 'Acceso denegado.', None, 5))
2025-06-21 10:53:21,712 - ERROR - Error en lectura: ClearCommError failed (PermissionError(13, 'Acceso denegado.', None, 5))
2025-06-21 10:53:21,728 - ERROR - Error en lectura: ClearCommError failed (PermissionError(13, 'Acceso denegado.', None, 5))
2025-06-21 10:53:21,743 - ERROR - Error en lectura: ClearCommError failed (PermissionError(13, 'Acceso denegado.', None, 5))
2025-06-21 10:53:21,758 - ERROR - Error en lectura: ClearCommError failed (PermissionError(13, 'Acceso denegado.', None, 5))
2025-06-21 10:53:21,774 - ERROR - Error en lectura: ClearCommError failed (PermissionError(13, 'Acceso denegado.', None, 5))
2025-06-21 10:53:21,821 - ERROR - Error en lectura: ClearCommError failed (PermissionError(13, 'Acceso denegado.', None, 5))
2025-06-21 10:53:21,836 - ERROR - Error en lectura: ClearCommError failed (PermissionError(13, 'Acceso denegado.', None, 5))
2025-06-21 10:53:21,851 - ERROR - Error en lectura: ClearCommError failed (PermissionError(13, 'Acceso denegado.', None, 5))
2025-06-21 10:53:21,867 - ERROR - Error en lectura: ClearCommError failed (PermissionError(13, 'Acceso denegado.', None, 5))
2025-06-21 10:53:21,882 - ERROR - Error en lectura: ClearCommError failed (PermissionError(13, 'Acceso denegado.', None, 5))
2025-06-21 10:53:21,898 - ERROR - Error en lectura: ClearCommError failed (PermissionError(13, 'Acceso denegado.', None, 5))
2025-06-21 10:53:21,914 - ERROR - Error en lectura: ClearCommError failed (PermissionError(13, 'Acceso denegado.', None, 5))
2025-06-21 10:53:21,929 - ERROR - Error en lectura: ClearCommError failed (PermissionError(13, 'Acceso denegado.', None, 5))
2025-06-21 10:53:21,944 - ERROR - Error en lectura: ClearCommError failed (PermissionError(13, 'Acceso denegado.', None, 5))
2025-06-21 10:53:21,960 - ERROR - Error en lectura: ClearCommError failed (PermissionError(13, 'Acceso denegado.', None, 5))
2025-06-21 10:53:21,976 - ERROR - Error en lectura: ClearCommError failed (PermissionError(13, 'Acceso denegado.', None, 5))
2025-06-21 10:53:21,991 - ERROR - Error en lectura: ClearCommError failed (PermissionError(13, 'Acceso denegado.', None, 5))
2025-06-21 10:53:22,007 - ERROR - Error en lectura: ClearCommError failed (PermissionError(13, 'Acceso denegado.', None, 5))
2025-06-21 10:53:22,023 - ERROR - Error en lectura: ClearCommError failed (PermissionError(13, 'Acceso denegado.', None, 5))
2025-06-21 10:53:22,038 - ERROR - Error en lectura: ClearCommError failed (PermissionError(13, 'Acceso denegado.', None, 5))
2025-06-21 10:53:22,054 - ERROR - Error en lectura: ClearCommError failed (PermissionError(13, 'Acceso denegado.', None, 5))
2025-06-21 10:53:22,069 - ERROR - Error en lectura: ClearCommError failed (PermissionError(13, 'Acceso denegado.', None, 5))
2025-06-21 10:53:22,084 - ERROR - Error en lectura: ClearCommError failed (PermissionError(13, 'Acceso denegado.', None, 5))
2025-06-21 10:53:22,100 - ERROR - Error en lectura: ClearCommError failed (PermissionError(13, 'Acceso denegado.', None, 5))
2025-06-21 10:53:22,115 - ERROR - Error en lectura: ClearCommError failed (PermissionError(13, 'Acceso denegado.', None, 5))
2025-06-21 10:53:22,130 - ERROR - Error en lectura: ClearCommError failed (PermissionError(13, 'Acceso denegado.', None, 5))
2025-06-21 10:53:22,146 - ERROR - Error en lectura: ClearCommError failed (PermissionError(13, 'Acceso denegado.', None, 5))
2025-06-21 10:53:22,161 - ERROR - Error en lectura: ClearCommError failed (PermissionError(13, 'Acceso denegado.', None, 5))
2025-06-21 10:53:22,177 - ERROR - Error en lectura: ClearCommError failed (PermissionError(13, 'Acceso denegado.', None, 5))
2025-06-21 10:53:22,193 - ERROR - Error en lectura: ClearCommError failed (PermissionError(13, 'Acceso denegado.', None, 5))
2025-06-21 10:53:22,208 - ERROR - Error en lectura: ClearCommError failed (PermissionError(13, 'Acceso denegado.', None, 5))
2025-06-21 10:53:22,224 - ERROR - Error en lectura: ClearCommError failed (PermissionError(13, 'Acceso denegado.', None, 5))
2025-06-21 10:53:22,239 - ERROR - Error en lectura: ClearCommError failed (PermissionError(13, 'Acceso denegado.', None, 5))
2025-06-21 10:53:22,255 - ERROR - Error en lectura: ClearCommError failed (PermissionError(13, 'Acceso denegado.', None, 5))
2025-06-21 10:53:22,270 - ERROR - Error en lectura: ClearCommError failed (PermissionError(13, 'Acceso denegado.', None, 5))
2025-06-21 10:53:22,286 - ERROR - Error en lectura: ClearCommError failed (PermissionError(13, 'Acceso denegado.', None, 5))
2025-06-21 10:53:22,301 - ERROR - Error en lectura: ClearCommError failed (PermissionError(13, 'Acceso denegado.', None, 5))
2025-06-21 10:53:22,317 - ERROR - Error en lectura: ClearCommError failed (PermissionError(13, 'Acceso denegado.', None, 5))
2025-06-21 10:53:22,333 - ERROR - Error en lectura: ClearCommError failed (PermissionError(13, 'Acceso denegado.', None, 5))
2025-06-21 10:53:22,348 - ERROR - Error en lectura: ClearCommError failed (PermissionError(13, 'Acceso denegado.', None, 5))
2025-06-21 10:53:22,364 - ERROR - Error en lectura: ClearCommError failed (PermissionError(13, 'Acceso denegado.', None, 5))
2025-06-21 10:53:22,380 - ERROR - Error en lectura: ClearCommError failed (PermissionError(13, 'Acceso denegado.', None, 5))
2025-06-21 10:53:22,396 - ERROR - Error en lectura: ClearCommError failed (PermissionError(13, 'Acceso denegado.', None, 5))
2025-06-21 10:53:22,412 - ERROR - Error en lectura: ClearCommError failed (PermissionError(13, 'Acceso denegado.', None, 5))
2025-06-21 10:53:22,427 - ERROR - Error en lectura: ClearCommError failed (PermissionError(13, 'Acceso denegado.', None, 5))
2025-06-21 10:53:22,443 - ERROR - Error en lectura: ClearCommError failed (PermissionError(13, 'Acceso denegado.', None, 5))
2025-06-21 10:53:22,458 - ERROR - Error en lectura: ClearCommError failed (PermissionError(13, 'Acceso denegado.', None, 5))
2025-06-21 10:53:22,474 - ERROR - Error en lectura: ClearCommError failed (PermissionError(13, 'Acceso denegado.', None, 5))
2025-06-21 10:53:22,490 - ERROR - Error en lectura: ClearCommError failed (PermissionError(13, 'Acceso denegado.', None, 5))
2025-06-21 10:53:22,505 - ERROR - Error en lectura: ClearCommError failed (PermissionError(13, 'Acceso denegado.', None, 5))
2025-06-21 10:53:22,520 - ERROR - Error en lectura: ClearCommError failed (PermissionError(13, 'Acceso denegado.', None, 5))
2025-06-21 10:53:22,535 - ERROR - Error en lectura: ClearCommError failed (PermissionError(13, 'Acceso denegado.', None, 5))
2025-06-21 10:53:22,550 - ERROR - Error en lectura: ClearCommError failed (PermissionError(13, 'Acceso denegado.', None, 5))
2025-06-21 10:53:22,566 - ERROR - Error en lectura: ClearCommError failed (PermissionError(13, 'Acceso denegado.', None, 5))
2025-06-21 10:53:22,582 - ERROR - Error en lectura: ClearCommError failed (PermissionError(13, 'Acceso denegado.', None, 5))
2025-06-21 10:53:22,596 - ERROR - Error en lectura: ClearCommError failed (PermissionError(13, 'Acceso denegado.', None, 5))
2025-06-21 10:53:22,611 - ERROR - Error en lectura: ClearCommError failed (PermissionError(13, 'Acceso denegado.', None, 5))
2025-06-21 10:53:22,628 - ERROR - Error en lectura: ClearCommError failed (PermissionError(13, 'Acceso denegado.', None, 5))
2025-06-21 10:53:22,643 - ERROR - Error en lectura: ClearCommError failed (PermissionError(13, 'Acceso denegado.', None, 5))
2025-06-21 10:53:22,659 - ERROR - Error en lectura: ClearCommError failed (PermissionError(13, 'Acceso denegado.', None, 5))
2025-06-21 10:53:22,674 - ERROR - Error en lectura: ClearCommError failed (PermissionError(13, 'Acceso denegado.', None, 5))
2025-06-21 10:53:22,690 - ERROR - Error en lectura: ClearCommError failed (PermissionError(13, 'Acceso denegado.', None, 5))
2025-06-21 10:53:22,705 - ERROR - Error en lectura: ClearCommError failed (PermissionError(13, 'Acceso denegado.', None, 5))
2025-06-21 10:53:22,720 - ERROR - Error en lectura: ClearCommError failed (PermissionError(13, 'Acceso denegado.', None, 5))
2025-06-21 10:53:22,736 - ERROR - Error en lectura: ClearCommError failed (PermissionError(13, 'Acceso denegado.', None, 5))
2025-06-21 10:53:22,751 - ERROR - Error en lectura: ClearCommError failed (PermissionError(13, 'Acceso denegado.', None, 5))
2025-06-21 10:53:22,767 - ERROR - Error en lectura: ClearCommError failed (PermissionError(13, 'Acceso denegado.', None, 5))
2025-06-21 10:53:22,782 - ERROR - Error en lectura: ClearCommError failed (PermissionError(13, 'Acceso denegado.', None, 5))
2025-06-21 10:53:22,798 - ERROR - Error en lectura: ClearCommError failed (PermissionError(13, 'Acceso denegado.', None, 5))
2025-06-21 10:53:22,813 - ERROR - Error en lectura: ClearCommError failed (PermissionError(13, 'Acceso denegado.', None, 5))
2025-06-21 10:53:22,828 - ERROR - Error en lectura: ClearCommError failed (PermissionError(13, 'Acceso denegado.', None, 5))
2025-06-21 10:53:22,844 - ERROR - Error en lectura: ClearCommError failed (PermissionError(13, 'Acceso denegado.', None, 5))
2025-06-21 10:53:22,860 - ERROR - Error en lectura: ClearCommError failed (PermissionError(13, 'Acceso denegado.', None, 5))
2025-06-21 10:53:22,876 - ERROR - Error en lectura: ClearCommError failed (PermissionError(13, 'Acceso denegado.', None, 5))
2025-06-21 10:53:22,892 - ERROR - Error en lectura: ClearCommError failed (PermissionError(13, 'Acceso denegado.', None, 5))
2025-06-21 10:53:22,907 - ERROR - Error en lectura: ClearCommError failed (PermissionError(13, 'Acceso denegado.', None, 5))
2025-06-21 10:53:22,924 - ERROR - Error en lectura: ClearCommError failed (PermissionError(13, 'Acceso denegado.', None, 5))
2025-06-21 10:53:22,940 - ERROR - Error en lectura: ClearCommError failed (PermissionError(13, 'Acceso denegado.', None, 5))
2025-06-21 10:53:22,955 - ERROR - Error en lectura: ClearCommError failed (PermissionError(13, 'Acceso denegado.', None, 5))
2025-06-21 10:53:22,970 - ERROR - Error en lectura: ClearCommError failed (PermissionError(13, 'Acceso denegado.', None, 5))
2025-06-21 10:53:22,986 - ERROR - Error en lectura: ClearCommError failed (PermissionError(13, 'Acceso denegado.', None, 5))
2025-06-21 10:53:23,002 - ERROR - Error en lectura: ClearCommError failed (PermissionError(13, 'Acceso denegado.', None, 5))
2025-06-21 10:53:23,017 - ERROR - Error en lectura: ClearCommError failed (PermissionError(13, 'Acceso denegado.', None, 5))
2025-06-21 10:53:23,033 - ERROR - Error en lectura: ClearCommError failed (PermissionError(13, 'Acceso denegado.', None, 5))
2025-06-21 10:53:23,048 - ERROR - Error en lectura: ClearCommError failed (PermissionError(13, 'Acceso denegado.', None, 5))
2025-06-21 10:53:23,064 - ERROR - Error en lectura: ClearCommError failed (PermissionError(13, 'Acceso denegado.', None, 5))
2025-06-21 10:53:23,079 - ERROR - Error en lectura: ClearCommError failed (PermissionError(13, 'Acceso denegado.', None, 5))
2025-06-21 10:53:23,095 - ERROR - Error en lectura: ClearCommError failed (PermissionError(13, 'Acceso denegado.', None, 5))
2025-06-21 10:53:23,111 - ERROR - Error en lectura: ClearCommError failed (PermissionError(13, 'Acceso denegado.', None, 5))
2025-06-21 10:53:23,127 - ERROR - Error en lectura: ClearCommError failed (PermissionError(13, 'Acceso denegado.', None, 5))
2025-06-21 10:53:23,143 - ERROR - Error en lectura: ClearCommError failed (PermissionError(13, 'Acceso denegado.', None, 5))
2025-06-21 10:53:23,158 - ERROR - Error en lectura: ClearCommError failed (PermissionError(13, 'Acceso denegado.', None, 5))
2025-06-21 10:53:23,174 - ERROR - Error en lectura: ClearCommError failed (PermissionError(13, 'Acceso denegado.', None, 5))
2025-06-21 10:53:23,190 - ERROR - Error en lectura: ClearCommError failed (PermissionError(13, 'Acceso denegado.', None, 5))
2025-06-21 10:53:23,205 - ERROR - Error en lectura: ClearCommError failed (PermissionError(13, 'Acceso denegado.', None, 5))
2025-06-21 10:53:23,221 - ERROR - Error en lectura: ClearCommError failed (PermissionError(13, 'Acceso denegado.', None, 5))
2025-06-21 10:53:23,236 - ERROR - Error en lectura: ClearCommError failed (PermissionError(13, 'Acceso denegado.', None, 5))
2025-06-21 10:53:23,252 - ERROR - Error en lectura: ClearCommError failed (PermissionError(13, 'Acceso denegado.', None, 5))
2025-06-21 10:53:23,267 - ERROR - Error en lectura: ClearCommError failed (PermissionError(13, 'Acceso denegado.', None, 5))
2025-06-21 10:53:23,282 - ERROR - Error en lectura: ClearCommError failed (PermissionError(13, 'Acceso denegado.', None, 5))
2025-06-21 10:53:23,298 - ERROR - Error en lectura: ClearCommError failed (PermissionError(13, 'Acceso denegado.', None, 5))
2025-06-21 10:53:23,314 - ERROR - Error en lectura: ClearCommError failed (PermissionError(13, 'Acceso denegado.', None, 5))
2025-06-21 10:53:23,329 - ERROR - Error en lectura: ClearCommError failed (PermissionError(13, 'Acceso denegado.', None, 5))
2025-06-21 10:53:23,344 - ERROR - Error en lectura: ClearCommError failed (PermissionError(13, 'Acceso denegado.', None, 5))
2025-06-21 10:53:23,360 - ERROR - Error en lectura: ClearCommError failed (PermissionError(13, 'Acceso denegado.', None, 5))
2025-06-21 10:53:23,376 - ERROR - Error en lectura: ClearCommError failed (PermissionError(13, 'Acceso denegado.', None, 5))
2025-06-21 10:53:23,391 - ERROR - Error en lectura: ClearCommError failed (PermissionError(13, 'Acceso denegado.', None, 5))
2025-06-21 10:53:23,407 - ERROR - Error en lectura: ClearCommError failed (PermissionError(13, 'Acceso denegado.', None, 5))
2025-06-21 10:53:23,423 - ERROR - Error en lectura: ClearCommError failed (PermissionError(13, 'Acceso denegado.', None, 5))
2025-06-21 10:53:23,438 - ERROR - Error en lectura: ClearCommError failed (PermissionError(13, 'Acceso denegado.', None, 5))
2025-06-21 10:53:23,453 - ERROR - Error en lectura: ClearCommError failed (PermissionError(13, 'Acceso denegado.', None, 5))
2025-06-21 10:53:23,468 - ERROR - Error en lectura: ClearCommError failed (PermissionError(13, 'Acceso denegado.', None, 5))
2025-06-21 10:53:23,484 - ERROR - Error en lectura: ClearCommError failed (PermissionError(13, 'Acceso denegado.', None, 5))
2025-06-21 10:53:23,499 - ERROR - Error en lectura: ClearCommError failed (PermissionError(13, 'Acceso denegado.', None, 5))
2025-06-21 10:53:23,515 - INFO - Desconectado
