2025-06-21 11:35:39,912 - INFO - Conectado a COM9 @ 115200 bps
2025-06-21 11:35:40,921 - ERROR - Error en lectura: 'utf-8' codec can't decode byte 0xaa in position 0: invalid start byte
2025-06-21 11:35:45,077 - INFO - TX >> ?
2025-06-21 11:35:53,095 - INFO - TX >> H
2025-06-21 11:36:47,031 - INFO - TX >> M:30.00,30.00
2025-06-21 11:36:48,060 - ERROR - Error en lectura: 'utf-8' codec can't decode byte 0xa5 in position 0: invalid start byte
2025-06-21 11:42:49,650 - ERROR - Error en lectura: ClearCommError failed (PermissionError(13, 'Acceso denegado.', None, 5))
2025-06-21 11:42:49,697 - ERROR - Error en lectura: ClearCommError failed (PermissionError(13, 'Acceso denegado.', None, 5))
2025-06-21 11:42:49,712 - ERROR - Error en lectura: ClearCommError failed (PermissionError(13, 'Acceso denegado.', None, 5))
2025-06-21 11:42:49,727 - ERROR - Error en lectura: ClearCommError failed (PermissionError(13, 'Acceso denegado.', None, 5))
2025-06-21 11:42:49,743 - ERROR - Error en lectura: ClearCommError failed (PermissionError(13, 'Acceso denegado.', None, 5))
2025-06-21 11:42:49,759 - ERROR - Error en lectura: ClearCommError failed (PermissionError(13, 'Acceso denegado.', None, 5))
2025-06-21 11:42:49,774 - ERROR - Error en lectura: ClearCommError failed (PermissionError(13, 'Acceso denegado.', None, 5))
2025-06-21 11:42:49,790 - ERROR - Error en lectura: ClearCommError failed (PermissionError(13, 'Acceso denegado.', None, 5))
2025-06-21 11:42:49,805 - ERROR - Error en lectura: ClearCommError failed (PermissionError(13, 'Acceso denegado.', None, 5))
2025-06-21 11:42:49,820 - ERROR - Error en lectura: ClearCommError failed (PermissionError(13, 'Acceso denegado.', None, 5))
2025-06-21 11:42:49,835 - ERROR - Error en lectura: ClearCommError failed (PermissionError(13, 'Acceso denegado.', None, 5))
2025-06-21 11:42:49,850 - ERROR - Error en lectura: ClearCommError failed (PermissionError(13, 'Acceso denegado.', None, 5))
2025-06-21 11:42:49,867 - ERROR - Error en lectura: ClearCommError failed (PermissionError(13, 'Acceso denegado.', None, 5))
2025-06-21 11:42:49,882 - ERROR - Error en lectura: ClearCommError failed (PermissionError(13, 'Acceso denegado.', None, 5))
2025-06-21 11:42:49,897 - ERROR - Error en lectura: ClearCommError failed (PermissionError(13, 'Acceso denegado.', None, 5))
2025-06-21 11:42:49,913 - ERROR - Error en lectura: ClearCommError failed (PermissionError(13, 'Acceso denegado.', None, 5))
2025-06-21 11:42:49,928 - ERROR - Error en lectura: ClearCommError failed (PermissionError(13, 'Acceso denegado.', None, 5))
2025-06-21 11:42:49,944 - ERROR - Error en lectura: ClearCommError failed (PermissionError(13, 'Acceso denegado.', None, 5))
2025-06-21 11:42:49,959 - ERROR - Error en lectura: ClearCommError failed (PermissionError(13, 'Acceso denegado.', None, 5))
2025-06-21 11:42:49,975 - ERROR - Error en lectura: ClearCommError failed (PermissionError(13, 'Acceso denegado.', None, 5))
2025-06-21 11:42:49,991 - ERROR - Error en lectura: ClearCommError failed (PermissionError(13, 'Acceso denegado.', None, 5))
2025-06-21 11:42:50,008 - ERROR - Error en lectura: ClearCommError failed (PermissionError(13, 'Acceso denegado.', None, 5))
2025-06-21 11:42:50,022 - ERROR - Error en lectura: ClearCommError failed (PermissionError(13, 'Acceso denegado.', None, 5))
2025-06-21 11:42:50,037 - ERROR - Error en lectura: ClearCommError failed (PermissionError(13, 'Acceso denegado.', None, 5))
2025-06-21 11:42:50,053 - ERROR - Error en lectura: ClearCommError failed (PermissionError(13, 'Acceso denegado.', None, 5))
2025-06-21 11:42:50,069 - ERROR - Error en lectura: ClearCommError failed (PermissionError(13, 'Acceso denegado.', None, 5))
2025-06-21 11:42:50,084 - ERROR - Error en lectura: ClearCommError failed (PermissionError(13, 'Acceso denegado.', None, 5))
2025-06-21 11:42:50,100 - ERROR - Error en lectura: ClearCommError failed (PermissionError(13, 'Acceso denegado.', None, 5))
2025-06-21 11:42:50,115 - ERROR - Error en lectura: ClearCommError failed (PermissionError(13, 'Acceso denegado.', None, 5))
2025-06-21 11:42:50,131 - ERROR - Error en lectura: ClearCommError failed (PermissionError(13, 'Acceso denegado.', None, 5))
2025-06-21 11:42:50,146 - ERROR - Error en lectura: ClearCommError failed (PermissionError(13, 'Acceso denegado.', None, 5))
2025-06-21 11:42:50,162 - ERROR - Error en lectura: ClearCommError failed (PermissionError(13, 'Acceso denegado.', None, 5))
2025-06-21 11:42:50,178 - ERROR - Error en lectura: ClearCommError failed (PermissionError(13, 'Acceso denegado.', None, 5))
2025-06-21 11:42:50,193 - ERROR - Error en lectura: ClearCommError failed (PermissionError(13, 'Acceso denegado.', None, 5))
2025-06-21 11:42:50,209 - ERROR - Error en lectura: ClearCommError failed (PermissionError(13, 'Acceso denegado.', None, 5))
2025-06-21 11:42:50,225 - ERROR - Error en lectura: ClearCommError failed (PermissionError(13, 'Acceso denegado.', None, 5))
2025-06-21 11:42:50,241 - ERROR - Error en lectura: ClearCommError failed (PermissionError(13, 'Acceso denegado.', None, 5))
2025-06-21 11:42:50,257 - ERROR - Error en lectura: ClearCommError failed (PermissionError(13, 'Acceso denegado.', None, 5))
2025-06-21 11:42:50,272 - ERROR - Error en lectura: ClearCommError failed (PermissionError(13, 'Acceso denegado.', None, 5))
2025-06-21 11:42:50,287 - ERROR - Error en lectura: ClearCommError failed (PermissionError(13, 'Acceso denegado.', None, 5))
2025-06-21 11:42:50,302 - ERROR - Error en lectura: ClearCommError failed (PermissionError(13, 'Acceso denegado.', None, 5))
2025-06-21 11:42:50,318 - ERROR - Error en lectura: ClearCommError failed (PermissionError(13, 'Acceso denegado.', None, 5))
2025-06-21 11:42:50,333 - ERROR - Error en lectura: ClearCommError failed (PermissionError(13, 'Acceso denegado.', None, 5))
2025-06-21 11:42:50,349 - ERROR - Error en lectura: ClearCommError failed (PermissionError(13, 'Acceso denegado.', None, 5))
2025-06-21 11:42:50,364 - ERROR - Error en lectura: ClearCommError failed (PermissionError(13, 'Acceso denegado.', None, 5))
2025-06-21 11:42:50,380 - ERROR - Error en lectura: ClearCommError failed (PermissionError(13, 'Acceso denegado.', None, 5))
2025-06-21 11:42:50,396 - ERROR - Error en lectura: ClearCommError failed (PermissionError(13, 'Acceso denegado.', None, 5))
2025-06-21 11:42:50,411 - ERROR - Error en lectura: ClearCommError failed (PermissionError(13, 'Acceso denegado.', None, 5))
2025-06-21 11:42:50,426 - ERROR - Error en lectura: ClearCommError failed (PermissionError(13, 'Acceso denegado.', None, 5))
2025-06-21 11:42:50,442 - ERROR - Error en lectura: ClearCommError failed (PermissionError(13, 'Acceso denegado.', None, 5))
2025-06-21 11:42:50,457 - ERROR - Error en lectura: ClearCommError failed (PermissionError(13, 'Acceso denegado.', None, 5))
2025-06-21 11:42:50,472 - ERROR - Error en lectura: ClearCommError failed (PermissionError(13, 'Acceso denegado.', None, 5))
2025-06-21 11:42:50,488 - ERROR - Error en lectura: ClearCommError failed (PermissionError(13, 'Acceso denegado.', None, 5))
2025-06-21 11:42:50,503 - ERROR - Error en lectura: ClearCommError failed (PermissionError(13, 'Acceso denegado.', None, 5))
2025-06-21 11:42:50,519 - ERROR - Error en lectura: ClearCommError failed (PermissionError(13, 'Acceso denegado.', None, 5))
2025-06-21 11:42:50,534 - ERROR - Error en lectura: ClearCommError failed (PermissionError(13, 'Acceso denegado.', None, 5))
2025-06-21 11:42:50,550 - ERROR - Error en lectura: ClearCommError failed (PermissionError(13, 'Acceso denegado.', None, 5))
2025-06-21 11:42:50,565 - ERROR - Error en lectura: ClearCommError failed (PermissionError(13, 'Acceso denegado.', None, 5))
2025-06-21 11:42:50,581 - ERROR - Error en lectura: ClearCommError failed (PermissionError(13, 'Acceso denegado.', None, 5))
2025-06-21 11:42:50,597 - ERROR - Error en lectura: ClearCommError failed (PermissionError(13, 'Acceso denegado.', None, 5))
2025-06-21 11:42:50,612 - ERROR - Error en lectura: ClearCommError failed (PermissionError(13, 'Acceso denegado.', None, 5))
2025-06-21 11:42:50,628 - ERROR - Error en lectura: ClearCommError failed (PermissionError(13, 'Acceso denegado.', None, 5))
2025-06-21 11:42:50,644 - ERROR - Error en lectura: ClearCommError failed (PermissionError(13, 'Acceso denegado.', None, 5))
2025-06-21 11:42:50,660 - ERROR - Error en lectura: ClearCommError failed (PermissionError(13, 'Acceso denegado.', None, 5))
2025-06-21 11:42:50,676 - ERROR - Error en lectura: ClearCommError failed (PermissionError(13, 'Acceso denegado.', None, 5))
2025-06-21 11:42:50,691 - ERROR - Error en lectura: ClearCommError failed (PermissionError(13, 'Acceso denegado.', None, 5))
2025-06-21 11:42:50,707 - ERROR - Error en lectura: ClearCommError failed (PermissionError(13, 'Acceso denegado.', None, 5))
2025-06-21 11:42:50,723 - ERROR - Error en lectura: ClearCommError failed (PermissionError(13, 'Acceso denegado.', None, 5))
2025-06-21 11:42:50,739 - ERROR - Error en lectura: ClearCommError failed (PermissionError(13, 'Acceso denegado.', None, 5))
2025-06-21 11:42:50,754 - ERROR - Error en lectura: ClearCommError failed (PermissionError(13, 'Acceso denegado.', None, 5))
2025-06-21 11:42:50,770 - ERROR - Error en lectura: ClearCommError failed (PermissionError(13, 'Acceso denegado.', None, 5))
2025-06-21 11:42:50,785 - ERROR - Error en lectura: ClearCommError failed (PermissionError(13, 'Acceso denegado.', None, 5))
2025-06-21 11:42:50,801 - ERROR - Error en lectura: ClearCommError failed (PermissionError(13, 'Acceso denegado.', None, 5))
2025-06-21 11:42:50,816 - ERROR - Error en lectura: ClearCommError failed (PermissionError(13, 'Acceso denegado.', None, 5))
2025-06-21 11:42:50,832 - ERROR - Error en lectura: ClearCommError failed (PermissionError(13, 'Acceso denegado.', None, 5))
2025-06-21 11:42:50,847 - ERROR - Error en lectura: ClearCommError failed (PermissionError(13, 'Acceso denegado.', None, 5))
2025-06-21 11:42:50,863 - ERROR - Error en lectura: ClearCommError failed (PermissionError(13, 'Acceso denegado.', None, 5))
2025-06-21 11:42:50,878 - ERROR - Error en lectura: ClearCommError failed (PermissionError(13, 'Acceso denegado.', None, 5))
2025-06-21 11:42:50,894 - ERROR - Error en lectura: ClearCommError failed (PermissionError(13, 'Acceso denegado.', None, 5))
2025-06-21 11:42:50,910 - ERROR - Error en lectura: ClearCommError failed (PermissionError(13, 'Acceso denegado.', None, 5))
2025-06-21 11:42:50,925 - ERROR - Error en lectura: ClearCommError failed (PermissionError(13, 'Acceso denegado.', None, 5))
2025-06-21 11:42:50,941 - ERROR - Error en lectura: ClearCommError failed (PermissionError(13, 'Acceso denegado.', None, 5))
2025-06-21 11:42:50,956 - ERROR - Error en lectura: ClearCommError failed (PermissionError(13, 'Acceso denegado.', None, 5))
2025-06-21 11:42:50,972 - ERROR - Error en lectura: ClearCommError failed (PermissionError(13, 'Acceso denegado.', None, 5))
2025-06-21 11:42:50,987 - ERROR - Error en lectura: ClearCommError failed (PermissionError(13, 'Acceso denegado.', None, 5))
2025-06-21 11:42:51,002 - ERROR - Error en lectura: ClearCommError failed (PermissionError(13, 'Acceso denegado.', None, 5))
2025-06-21 11:42:51,018 - ERROR - Error en lectura: ClearCommError failed (PermissionError(13, 'Acceso denegado.', None, 5))
2025-06-21 11:42:51,034 - ERROR - Error en lectura: ClearCommError failed (PermissionError(13, 'Acceso denegado.', None, 5))
2025-06-21 11:42:51,050 - ERROR - Error en lectura: ClearCommError failed (PermissionError(13, 'Acceso denegado.', None, 5))
2025-06-21 11:42:51,065 - ERROR - Error en lectura: ClearCommError failed (PermissionError(13, 'Acceso denegado.', None, 5))
2025-06-21 11:42:51,080 - ERROR - Error en lectura: ClearCommError failed (PermissionError(13, 'Acceso denegado.', None, 5))
2025-06-21 11:42:51,096 - ERROR - Error en lectura: ClearCommError failed (PermissionError(13, 'Acceso denegado.', None, 5))
2025-06-21 11:42:51,111 - ERROR - Error en lectura: ClearCommError failed (PermissionError(13, 'Acceso denegado.', None, 5))
2025-06-21 11:42:51,127 - ERROR - Error en lectura: ClearCommError failed (PermissionError(13, 'Acceso denegado.', None, 5))
2025-06-21 11:42:51,142 - ERROR - Error en lectura: ClearCommError failed (PermissionError(13, 'Acceso denegado.', None, 5))
2025-06-21 11:42:51,157 - ERROR - Error en lectura: ClearCommError failed (PermissionError(13, 'Acceso denegado.', None, 5))
2025-06-21 11:42:51,173 - ERROR - Error en lectura: ClearCommError failed (PermissionError(13, 'Acceso denegado.', None, 5))
2025-06-21 11:42:51,188 - ERROR - Error en lectura: ClearCommError failed (PermissionError(13, 'Acceso denegado.', None, 5))
2025-06-21 11:42:51,204 - ERROR - Error en lectura: ClearCommError failed (PermissionError(13, 'Acceso denegado.', None, 5))
2025-06-21 11:42:51,219 - ERROR - Error en lectura: ClearCommError failed (PermissionError(13, 'Acceso denegado.', None, 5))
2025-06-21 11:42:51,235 - ERROR - Error en lectura: ClearCommError failed (PermissionError(13, 'Acceso denegado.', None, 5))
2025-06-21 11:42:51,251 - ERROR - Error en lectura: ClearCommError failed (PermissionError(13, 'Acceso denegado.', None, 5))
2025-06-21 11:42:51,267 - ERROR - Error en lectura: ClearCommError failed (PermissionError(13, 'Acceso denegado.', None, 5))
2025-06-21 11:42:51,282 - ERROR - Error en lectura: ClearCommError failed (PermissionError(13, 'Acceso denegado.', None, 5))
2025-06-21 11:42:51,298 - ERROR - Error en lectura: ClearCommError failed (PermissionError(13, 'Acceso denegado.', None, 5))
2025-06-21 11:42:51,314 - ERROR - Error en lectura: ClearCommError failed (PermissionError(13, 'Acceso denegado.', None, 5))
2025-06-21 11:42:51,329 - ERROR - Error en lectura: ClearCommError failed (PermissionError(13, 'Acceso denegado.', None, 5))
2025-06-21 11:42:51,344 - ERROR - Error en lectura: ClearCommError failed (PermissionError(13, 'Acceso denegado.', None, 5))
2025-06-21 11:42:51,360 - ERROR - Error en lectura: ClearCommError failed (PermissionError(13, 'Acceso denegado.', None, 5))
2025-06-21 11:42:51,376 - ERROR - Error en lectura: ClearCommError failed (PermissionError(13, 'Acceso denegado.', None, 5))
2025-06-21 11:42:51,391 - ERROR - Error en lectura: ClearCommError failed (PermissionError(13, 'Acceso denegado.', None, 5))
2025-06-21 11:42:51,407 - ERROR - Error en lectura: ClearCommError failed (PermissionError(13, 'Acceso denegado.', None, 5))
2025-06-21 11:42:51,423 - ERROR - Error en lectura: ClearCommError failed (PermissionError(13, 'Acceso denegado.', None, 5))
2025-06-21 11:42:51,439 - ERROR - Error en lectura: ClearCommError failed (PermissionError(13, 'Acceso denegado.', None, 5))
2025-06-21 11:42:51,454 - ERROR - Error en lectura: ClearCommError failed (PermissionError(13, 'Acceso denegado.', None, 5))
2025-06-21 11:42:51,470 - ERROR - Error en lectura: ClearCommError failed (PermissionError(13, 'Acceso denegado.', None, 5))
2025-06-21 11:42:51,485 - ERROR - Error en lectura: ClearCommError failed (PermissionError(13, 'Acceso denegado.', None, 5))
2025-06-21 11:42:51,501 - ERROR - Error en lectura: ClearCommError failed (PermissionError(13, 'Acceso denegado.', None, 5))
2025-06-21 11:42:51,517 - ERROR - Error en lectura: ClearCommError failed (PermissionError(13, 'Acceso denegado.', None, 5))
2025-06-21 11:42:51,532 - ERROR - Error en lectura: ClearCommError failed (PermissionError(13, 'Acceso denegado.', None, 5))
2025-06-21 11:42:51,547 - ERROR - Error en lectura: ClearCommError failed (PermissionError(13, 'Acceso denegado.', None, 5))
2025-06-21 11:42:51,563 - ERROR - Error en lectura: ClearCommError failed (PermissionError(13, 'Acceso denegado.', None, 5))
2025-06-21 11:42:51,579 - ERROR - Error en lectura: ClearCommError failed (PermissionError(13, 'Acceso denegado.', None, 5))
2025-06-21 11:42:51,594 - ERROR - Error en lectura: ClearCommError failed (PermissionError(13, 'Acceso denegado.', None, 5))
2025-06-21 11:42:51,609 - ERROR - Error en lectura: ClearCommError failed (PermissionError(13, 'Acceso denegado.', None, 5))
2025-06-21 11:42:51,624 - ERROR - Error en lectura: ClearCommError failed (PermissionError(13, 'Acceso denegado.', None, 5))
2025-06-21 11:42:51,640 - ERROR - Error en lectura: ClearCommError failed (PermissionError(13, 'Acceso denegado.', None, 5))
2025-06-21 11:42:51,655 - ERROR - Error en lectura: ClearCommError failed (PermissionError(13, 'Acceso denegado.', None, 5))
2025-06-21 11:42:51,671 - ERROR - Error en lectura: ClearCommError failed (PermissionError(13, 'Acceso denegado.', None, 5))
2025-06-21 11:42:51,687 - ERROR - Error en lectura: ClearCommError failed (PermissionError(13, 'Acceso denegado.', None, 5))
2025-06-21 11:42:51,702 - ERROR - Error en lectura: ClearCommError failed (PermissionError(13, 'Acceso denegado.', None, 5))
2025-06-21 11:42:51,718 - ERROR - Error en lectura: ClearCommError failed (PermissionError(13, 'Acceso denegado.', None, 5))
2025-06-21 11:42:51,734 - ERROR - Error en lectura: ClearCommError failed (PermissionError(13, 'Acceso denegado.', None, 5))
2025-06-21 11:42:51,750 - ERROR - Error en lectura: ClearCommError failed (PermissionError(13, 'Acceso denegado.', None, 5))
2025-06-21 11:42:51,765 - ERROR - Error en lectura: ClearCommError failed (PermissionError(13, 'Acceso denegado.', None, 5))
2025-06-21 11:42:51,781 - ERROR - Error en lectura: ClearCommError failed (PermissionError(13, 'Acceso denegado.', None, 5))
2025-06-21 11:42:51,797 - ERROR - Error en lectura: ClearCommError failed (PermissionError(13, 'Acceso denegado.', None, 5))
2025-06-21 11:42:51,812 - ERROR - Error en lectura: ClearCommError failed (PermissionError(13, 'Acceso denegado.', None, 5))
2025-06-21 11:42:51,828 - ERROR - Error en lectura: ClearCommError failed (PermissionError(13, 'Acceso denegado.', None, 5))
2025-06-21 11:42:51,843 - ERROR - Error en lectura: ClearCommError failed (PermissionError(13, 'Acceso denegado.', None, 5))
2025-06-21 11:42:51,859 - ERROR - Error en lectura: ClearCommError failed (PermissionError(13, 'Acceso denegado.', None, 5))
2025-06-21 11:42:51,874 - ERROR - Error en lectura: ClearCommError failed (PermissionError(13, 'Acceso denegado.', None, 5))
2025-06-21 11:42:51,890 - ERROR - Error en lectura: ClearCommError failed (PermissionError(13, 'Acceso denegado.', None, 5))
2025-06-21 11:42:51,906 - ERROR - Error en lectura: ClearCommError failed (PermissionError(13, 'Acceso denegado.', None, 5))
2025-06-21 11:42:51,921 - ERROR - Error en lectura: ClearCommError failed (PermissionError(13, 'Acceso denegado.', None, 5))
2025-06-21 11:42:51,937 - ERROR - Error en lectura: ClearCommError failed (PermissionError(13, 'Acceso denegado.', None, 5))
2025-06-21 11:42:51,952 - ERROR - Error en lectura: ClearCommError failed (PermissionError(13, 'Acceso denegado.', None, 5))
2025-06-21 11:42:51,968 - ERROR - Error en lectura: ClearCommError failed (PermissionError(13, 'Acceso denegado.', None, 5))
2025-06-21 11:42:51,982 - ERROR - Error en lectura: ClearCommError failed (PermissionError(13, 'Acceso denegado.', None, 5))
2025-06-21 11:42:51,998 - ERROR - Error en lectura: ClearCommError failed (PermissionError(13, 'Acceso denegado.', None, 5))
2025-06-21 11:42:52,014 - ERROR - Error en lectura: ClearCommError failed (PermissionError(13, 'Acceso denegado.', None, 5))
2025-06-21 11:42:52,029 - ERROR - Error en lectura: ClearCommError failed (PermissionError(13, 'Acceso denegado.', None, 5))
2025-06-21 11:42:52,044 - ERROR - Error en lectura: ClearCommError failed (PermissionError(13, 'Acceso denegado.', None, 5))
2025-06-21 11:42:52,060 - ERROR - Error en lectura: ClearCommError failed (PermissionError(13, 'Acceso denegado.', None, 5))
2025-06-21 11:42:52,076 - ERROR - Error en lectura: ClearCommError failed (PermissionError(13, 'Acceso denegado.', None, 5))
2025-06-21 11:42:52,091 - ERROR - Error en lectura: ClearCommError failed (PermissionError(13, 'Acceso denegado.', None, 5))
2025-06-21 11:42:52,106 - ERROR - Error en lectura: ClearCommError failed (PermissionError(13, 'Acceso denegado.', None, 5))
2025-06-21 11:42:52,122 - ERROR - Error en lectura: ClearCommError failed (PermissionError(13, 'Acceso denegado.', None, 5))
2025-06-21 11:42:52,137 - ERROR - Error en lectura: ClearCommError failed (PermissionError(13, 'Acceso denegado.', None, 5))
2025-06-21 11:42:52,153 - ERROR - Error en lectura: ClearCommError failed (PermissionError(13, 'Acceso denegado.', None, 5))
2025-06-21 11:42:52,169 - ERROR - Error en lectura: ClearCommError failed (PermissionError(13, 'Acceso denegado.', None, 5))
2025-06-21 11:42:52,185 - ERROR - Error en lectura: ClearCommError failed (PermissionError(13, 'Acceso denegado.', None, 5))
2025-06-21 11:42:52,201 - ERROR - Error en lectura: ClearCommError failed (PermissionError(13, 'Acceso denegado.', None, 5))
2025-06-21 11:42:52,217 - ERROR - Error en lectura: ClearCommError failed (PermissionError(13, 'Acceso denegado.', None, 5))
2025-06-21 11:42:52,233 - ERROR - Error en lectura: ClearCommError failed (PermissionError(13, 'Acceso denegado.', None, 5))
2025-06-21 11:42:52,248 - ERROR - Error en lectura: ClearCommError failed (PermissionError(13, 'Acceso denegado.', None, 5))
2025-06-21 11:42:52,264 - ERROR - Error en lectura: ClearCommError failed (PermissionError(13, 'Acceso denegado.', None, 5))
2025-06-21 11:42:52,279 - ERROR - Error en lectura: ClearCommError failed (PermissionError(13, 'Acceso denegado.', None, 5))
2025-06-21 11:42:52,294 - ERROR - Error en lectura: ClearCommError failed (PermissionError(13, 'Acceso denegado.', None, 5))
2025-06-21 11:42:52,310 - ERROR - Error en lectura: ClearCommError failed (PermissionError(13, 'Acceso denegado.', None, 5))
2025-06-21 11:42:52,326 - ERROR - Error en lectura: ClearCommError failed (PermissionError(13, 'Acceso denegado.', None, 5))
2025-06-21 11:42:52,341 - ERROR - Error en lectura: ClearCommError failed (PermissionError(13, 'Acceso denegado.', None, 5))
2025-06-21 11:42:52,357 - ERROR - Error en lectura: ClearCommError failed (PermissionError(13, 'Acceso denegado.', None, 5))
2025-06-21 11:42:52,372 - ERROR - Error en lectura: ClearCommError failed (PermissionError(13, 'Acceso denegado.', None, 5))
2025-06-21 11:42:52,387 - ERROR - Error en lectura: ClearCommError failed (PermissionError(13, 'Acceso denegado.', None, 5))
2025-06-21 11:42:52,403 - ERROR - Error en lectura: ClearCommError failed (PermissionError(13, 'Acceso denegado.', None, 5))
2025-06-21 11:42:52,419 - ERROR - Error en lectura: ClearCommError failed (PermissionError(13, 'Acceso denegado.', None, 5))
2025-06-21 11:42:52,434 - ERROR - Error en lectura: ClearCommError failed (PermissionError(13, 'Acceso denegado.', None, 5))
2025-06-21 11:42:52,450 - ERROR - Error en lectura: ClearCommError failed (PermissionError(13, 'Acceso denegado.', None, 5))
2025-06-21 11:42:52,466 - ERROR - Error en lectura: ClearCommError failed (PermissionError(13, 'Acceso denegado.', None, 5))
2025-06-21 11:42:52,481 - ERROR - Error en lectura: ClearCommError failed (PermissionError(13, 'Acceso denegado.', None, 5))
2025-06-21 11:42:52,497 - ERROR - Error en lectura: ClearCommError failed (PermissionError(13, 'Acceso denegado.', None, 5))
2025-06-21 11:42:52,512 - ERROR - Error en lectura: ClearCommError failed (PermissionError(13, 'Acceso denegado.', None, 5))
2025-06-21 11:42:52,528 - ERROR - Error en lectura: ClearCommError failed (PermissionError(13, 'Acceso denegado.', None, 5))
2025-06-21 11:42:52,543 - ERROR - Error en lectura: ClearCommError failed (PermissionError(13, 'Acceso denegado.', None, 5))
2025-06-21 11:42:52,559 - ERROR - Error en lectura: ClearCommError failed (PermissionError(13, 'Acceso denegado.', None, 5))
2025-06-21 11:42:52,574 - ERROR - Error en lectura: ClearCommError failed (PermissionError(13, 'Acceso denegado.', None, 5))
2025-06-21 11:42:52,590 - ERROR - Error en lectura: ClearCommError failed (PermissionError(13, 'Acceso denegado.', None, 5))
2025-06-21 11:42:52,606 - ERROR - Error en lectura: ClearCommError failed (PermissionError(13, 'Acceso denegado.', None, 5))
2025-06-21 11:42:52,621 - ERROR - Error en lectura: ClearCommError failed (PermissionError(13, 'Acceso denegado.', None, 5))
2025-06-21 11:42:52,636 - ERROR - Error en lectura: ClearCommError failed (PermissionError(13, 'Acceso denegado.', None, 5))
2025-06-21 11:42:52,652 - ERROR - Error en lectura: ClearCommError failed (PermissionError(13, 'Acceso denegado.', None, 5))
2025-06-21 11:42:52,669 - ERROR - Error en lectura: ClearCommError failed (PermissionError(13, 'Acceso denegado.', None, 5))
2025-06-21 11:42:52,684 - ERROR - Error en lectura: ClearCommError failed (PermissionError(13, 'Acceso denegado.', None, 5))
2025-06-21 11:42:52,700 - ERROR - Error en lectura: ClearCommError failed (PermissionError(13, 'Acceso denegado.', None, 5))
2025-06-21 11:42:52,715 - ERROR - Error en lectura: ClearCommError failed (PermissionError(13, 'Acceso denegado.', None, 5))
2025-06-21 11:42:52,730 - ERROR - Error en lectura: ClearCommError failed (PermissionError(13, 'Acceso denegado.', None, 5))
2025-06-21 11:42:52,746 - ERROR - Error en lectura: ClearCommError failed (PermissionError(13, 'Acceso denegado.', None, 5))
2025-06-21 11:42:52,761 - ERROR - Error en lectura: ClearCommError failed (PermissionError(13, 'Acceso denegado.', None, 5))
2025-06-21 11:42:52,777 - ERROR - Error en lectura: ClearCommError failed (PermissionError(13, 'Acceso denegado.', None, 5))
2025-06-21 11:42:52,792 - ERROR - Error en lectura: ClearCommError failed (PermissionError(13, 'Acceso denegado.', None, 5))
2025-06-21 11:42:52,808 - ERROR - Error en lectura: ClearCommError failed (PermissionError(13, 'Acceso denegado.', None, 5))
2025-06-21 11:42:52,823 - ERROR - Error en lectura: ClearCommError failed (PermissionError(13, 'Acceso denegado.', None, 5))
2025-06-21 11:42:52,839 - ERROR - Error en lectura: ClearCommError failed (PermissionError(13, 'Acceso denegado.', None, 5))
2025-06-21 11:42:52,854 - ERROR - Error en lectura: ClearCommError failed (PermissionError(13, 'Acceso denegado.', None, 5))
2025-06-21 11:42:52,870 - ERROR - Error en lectura: ClearCommError failed (PermissionError(13, 'Acceso denegado.', None, 5))
2025-06-21 11:42:52,885 - ERROR - Error en lectura: ClearCommError failed (PermissionError(13, 'Acceso denegado.', None, 5))
2025-06-21 11:42:52,901 - ERROR - Error en lectura: ClearCommError failed (PermissionError(13, 'Acceso denegado.', None, 5))
2025-06-21 11:42:52,916 - ERROR - Error en lectura: ClearCommError failed (PermissionError(13, 'Acceso denegado.', None, 5))
2025-06-21 11:42:52,932 - ERROR - Error en lectura: ClearCommError failed (PermissionError(13, 'Acceso denegado.', None, 5))
2025-06-21 11:42:52,948 - ERROR - Error en lectura: ClearCommError failed (PermissionError(13, 'Acceso denegado.', None, 5))
2025-06-21 11:42:52,963 - ERROR - Error en lectura: ClearCommError failed (PermissionError(13, 'Acceso denegado.', None, 5))
2025-06-21 11:42:52,979 - ERROR - Error en lectura: ClearCommError failed (PermissionError(13, 'Acceso denegado.', None, 5))
2025-06-21 11:42:52,995 - ERROR - Error en lectura: ClearCommError failed (PermissionError(13, 'Acceso denegado.', None, 5))
2025-06-21 11:42:53,011 - ERROR - Error en lectura: ClearCommError failed (PermissionError(13, 'Acceso denegado.', None, 5))
2025-06-21 11:42:53,027 - ERROR - Error en lectura: ClearCommError failed (PermissionError(13, 'Acceso denegado.', None, 5))
2025-06-21 11:42:53,042 - ERROR - Error en lectura: ClearCommError failed (PermissionError(13, 'Acceso denegado.', None, 5))
2025-06-21 11:42:53,057 - ERROR - Error en lectura: ClearCommError failed (PermissionError(13, 'Acceso denegado.', None, 5))
2025-06-21 11:42:53,072 - ERROR - Error en lectura: ClearCommError failed (PermissionError(13, 'Acceso denegado.', None, 5))
2025-06-21 11:42:53,088 - ERROR - Error en lectura: ClearCommError failed (PermissionError(13, 'Acceso denegado.', None, 5))
2025-06-21 11:42:53,103 - ERROR - Error en lectura: ClearCommError failed (PermissionError(13, 'Acceso denegado.', None, 5))
2025-06-21 11:42:53,119 - ERROR - Error en lectura: ClearCommError failed (PermissionError(13, 'Acceso denegado.', None, 5))
2025-06-21 11:42:53,133 - ERROR - Error en lectura: ClearCommError failed (PermissionError(13, 'Acceso denegado.', None, 5))
2025-06-21 11:42:53,149 - ERROR - Error en lectura: ClearCommError failed (PermissionError(13, 'Acceso denegado.', None, 5))
2025-06-21 11:42:53,164 - ERROR - Error en lectura: ClearCommError failed (PermissionError(13, 'Acceso denegado.', None, 5))
2025-06-21 11:42:53,180 - ERROR - Error en lectura: ClearCommError failed (PermissionError(13, 'Acceso denegado.', None, 5))
2025-06-21 11:42:53,195 - ERROR - Error en lectura: ClearCommError failed (PermissionError(13, 'Acceso denegado.', None, 5))
2025-06-21 11:42:53,211 - ERROR - Error en lectura: ClearCommError failed (PermissionError(13, 'Acceso denegado.', None, 5))
2025-06-21 11:42:53,226 - INFO - Desconectado
